---------------------------------------------------------------
Resultados del archivo ./Instancias_QAP/chr22a.dat

Solución AGG con cruce por posicion con coste 7882 y fitness = 0.280377

Tamaño del vector: 22
1 6 20 21 1 15 10 4 9 17 14 3 5 7 16 11 12 13 7 19 2 8 
Tiempo Pasado (ms): 608.291
---------------------------------------------------------------
Solución AGG con cruce por posicion con coste 7422 y fitness = 0.205653

Tamaño del vector: 22
8 1 21 6 10 5 0 19 7 20 4 9 12 11 16 14 13 18 17 3 2 15 
Tiempo Pasado (ms): 627.145
---------------------------------------------------------------
---------------------------------------------------------------
Resultados del archivo ./Instancias_QAP/chr22b.dat

Solución AGG con cruce por posicion con coste 8194 y fitness = 0.322893

Tamaño del vector: 22
11 14 21 1 7 0 18 8 16 5 12 18 20 2 15 10 3 13 9 14 4 13 
Tiempo Pasado (ms): 600.116
---------------------------------------------------------------
Solución AGG con cruce por posicion con coste 7160 y fitness = 0.155957

Tamaño del vector: 22
2 12 16 3 1 11 19 17 0 21 9 20 10 14 5 7 4 6 15 18 13 8 
Tiempo Pasado (ms): 633.183
---------------------------------------------------------------
---------------------------------------------------------------
Resultados del archivo ./Instancias_QAP/chr25a.dat

Solución AGG con cruce por posicion con coste 10198 y fitness = 1.68651

Tamaño del vector: 25
13 5 3 21 14 2 11 7 0 24 22 6 20 14 23 24 18 0 16 10 12 1 19 8 15 
Tiempo Pasado (ms): 786.291
---------------------------------------------------------------
Solución AGG con cruce por posicion con coste 7792 y fitness = 1.05269

Tamaño del vector: 25
1 3 0 19 6 16 5 4 2 10 20 12 15 9 21 23 13 24 8 7 18 11 17 22 14 
Tiempo Pasado (ms): 763.262
---------------------------------------------------------------
---------------------------------------------------------------
Resultados del archivo ./Instancias_QAP/esc128.dat

Solución AGG con cruce por posicion con coste 224 y fitness = 2.5

Tamaño del vector: 128
123 29 110 3 28 41 97 15 17 122 96 90 108 70 31 37 50 118 124 76 54 98 100 91 116 85 6 23 63 110 66 61 14 127 46 59 79 30 7 34 71 39 51 82 27 43 2 18 84 120 52 72 56 80 73 0 64 67 103 76 65 55 83 113 49 101 114 78 45 68 75 42 112 102 105 95 57 106 33 109 85 36 88 5 119 110 92 26 44 11 115 74 94 89 69 40 35 53 47 1 100 86 87 9 28 48 8 12 111 117 80 25 16 99 58 121 126 38 4 93 13 60 81 80 24 32 21 77 
Tiempo Pasado (ms): 13619.9
---------------------------------------------------------------
Solución AGG con cruce por posicion con coste 172 y fitness = 1.6875

Tamaño del vector: 128
5 84 59 30 8 114 87 26 12 65 98 20 10 77 125 79 54 51 7 38 81 69 95 35 53 109 4 72 100 120 70 31 78 9 71 66 61 6 113 25 58 83 17 42 106 124 94 32 34 115 48 46 80 76 45 97 0 2 117 91 29 24 122 88 118 57 116 119 104 40 99 62 123 37 60 105 41 103 49 33 121 39 82 63 107 3 92 85 11 101 15 96 16 93 68 127 126 64 110 75 90 28 13 27 111 43 22 19 55 18 108 74 44 67 36 23 14 86 89 73 102 21 1 56 52 47 112 50 
Tiempo Pasado (ms): 14468
---------------------------------------------------------------
---------------------------------------------------------------
Resultados del archivo ./Instancias_QAP/had20.dat

Solución AGG con cruce por posicion con coste 6900 y fitness = -0.00317827

Tamaño del vector: 20
16 2 14 15 7 0 8 5 17 3 4 3 13 10 19 8 11 2 5 13 
Tiempo Pasado (ms): 557.94
---------------------------------------------------------------
Solución AGG con cruce por posicion con coste 7070 y fitness = 0.0213811

Tamaño del vector: 20
5 13 2 10 11 4 6 16 1 9 18 17 0 3 15 14 12 7 19 8 
Tiempo Pasado (ms): 583.117
---------------------------------------------------------------
---------------------------------------------------------------
Resultados del archivo ./Instancias_QAP/lipa60b.dat

Solución AGG con cruce por posicion con coste 3184573 y fitness = 0.263652

Tamaño del vector: 60
33 28 9 36 11 38 58 19 29 45 42 20 52 22 30 1 51 34 18 16 35 39 4 43 0 14 32 7 49 46 17 50 27 10 59 25 5 3 6 24 41 15 54 13 56 55 23 31 37 26 53 9 44 21 40 8 12 21 47 48 
Tiempo Pasado (ms): 3231.32
---------------------------------------------------------------
Solución AGG con cruce por posicion con coste 3126543 y fitness = 0.240625

Tamaño del vector: 60
19 6 43 40 2 38 49 41 32 50 27 47 11 45 23 0 20 59 28 12 39 48 5 34 37 10 21 17 55 16 24 31 35 4 58 1 56 51 53 14 44 42 29 18 30 3 9 25 15 13 52 46 26 36 57 8 7 54 33 22 
Tiempo Pasado (ms): 3525.72
---------------------------------------------------------------
---------------------------------------------------------------
Resultados del archivo ./Instancias_QAP/lipa80b.dat

Solución AGG con cruce por posicion con coste 9833032 y fitness = 0.266497

Tamaño del vector: 80
50 46 34 7 11 73 74 49 49 61 9 52 2 33 68 10 45 76 51 53 29 8 70 40 44 65 12 20 28 42 27 78 23 79 21 15 71 3 75 58 56 41 0 63 62 59 47 72 55 40 66 4 36 50 6 13 14 66 32 24 77 57 43 35 22 30 68 68 73 60 64 69 25 21 26 56 14 67 31 54 
Tiempo Pasado (ms): 5328.78
---------------------------------------------------------------
Solución AGG con cruce por posicion con coste 9804469 y fitness = 0.262818

Tamaño del vector: 80
19 25 60 37 28 69 2 23 41 21 31 33 43 42 1 75 56 11 34 32 29 4 10 72 38 26 12 67 77 8 62 58 20 35 18 46 39 9 44 79 66 73 22 45 3 40 27 57 53 76 36 59 47 74 14 55 13 24 78 63 50 49 61 70 71 52 16 65 64 6 30 15 54 5 7 0 48 51 68 17 
Tiempo Pasado (ms): 5783.27
---------------------------------------------------------------
---------------------------------------------------------------
Resultados del archivo ./Instancias_QAP/nug28.dat

Solución AGG con cruce por posicion con coste 5658 y fitness = 0.0952381

Tamaño del vector: 28
15 6 19 3 13 12 10 11 5 27 24 17 2 9 20 14 23 15 11 8 4 17 26 16 22 25 18 1 
Tiempo Pasado (ms): 835.714
---------------------------------------------------------------
Solución AGG con cruce por posicion con coste 5690 y fitness = 0.101432

Tamaño del vector: 28
18 7 2 22 0 14 10 25 1 4 24 17 8 13 23 9 5 12 11 27 3 16 19 20 15 6 26 21 
Tiempo Pasado (ms): 919.6
---------------------------------------------------------------
---------------------------------------------------------------
Resultados del archivo ./Instancias_QAP/sko81.dat

Solución AGG con cruce por posicion con coste 103064 y fitness = 0.132596

Tamaño del vector: 81
47 6 39 45 79 59 35 27 15 44 34 3 59 68 75 62 11 8 53 10 22 30 55 46 64 48 7 63 9 51 36 73 19 80 76 25 66 61 70 16 57 21 18 17 2 20 32 28 40 26 54 38 24 49 41 29 4 43 5 31 50 14 56 52 23 1 47 13 67 58 42 25 7 37 78 65 74 69 60 33 77 
Tiempo Pasado (ms): 5509.81
---------------------------------------------------------------
Solución AGG con cruce por posicion con coste 100806 y fitness = 0.107783

Tamaño del vector: 81
68 79 65 48 20 43 57 29 30 80 66 36 5 3 55 13 64 52 6 2 47 17 50 40 35 32 76 62 18 71 39 58 49 12 34 37 0 8 27 10 63 11 72 38 60 7 31 4 59 21 19 14 9 77 1 24 45 69 25 23 56 51 41 26 16 28 44 61 67 74 78 53 22 33 70 54 15 73 42 75 46 
Tiempo Pasado (ms): 5922.19
---------------------------------------------------------------
---------------------------------------------------------------
Resultados del archivo ./Instancias_QAP/sko90.dat

Solución AGG con cruce por posicion con coste 131416 y fitness = 0.137466

Tamaño del vector: 90
79 86 47 12 6 76 2 78 60 68 85 30 51 55 83 31 9 74 44 33 45 8 37 58 82 10 15 17 39 81 32 1 11 23 52 46 80 48 77 64 5 87 38 53 56 70 14 65 0 41 63 4 89 26 54 25 62 16 35 22 88 7 3 29 66 28 43 57 42 19 49 84 71 73 40 59 13 69 50 67 72 21 34 36 17 75 61 20 24 18 
Tiempo Pasado (ms): 6718.14
---------------------------------------------------------------
Solución AGG con cruce por posicion con coste 127342 y fitness = 0.102204

Tamaño del vector: 90
66 30 4 28 74 17 85 52 86 24 5 47 59 83 58 89 61 70 68 55 33 45 63 39 11 43 2 9 64 21 82 87 13 80 0 77 56 15 50 44 51 72 27 36 62 22 18 25 14 42 84 38 49 20 46 29 57 76 35 79 31 54 12 60 37 3 16 8 48 19 71 88 7 32 10 75 6 67 23 40 53 34 41 73 65 26 78 1 69 81 
Tiempo Pasado (ms): 7056.13
---------------------------------------------------------------
---------------------------------------------------------------
Resultados del archivo ./Instancias_QAP/sko100a.dat

Solución AGG con cruce por posicion con coste 171906 y fitness = 0.130946

Tamaño del vector: 100
48 26 84 79 34 33 7 53 77 9 87 57 93 47 5 50 59 10 2 92 11 39 28 80 97 23 41 17 94 72 64 42 35 4 76 67 49 24 70 81 66 30 54 69 71 37 22 51 19 73 95 88 12 99 0 83 32 44 63 43 62 3 60 15 8 27 98 18 75 55 58 25 21 45 65 31 96 16 46 78 29 74 68 85 61 90 13 40 14 82 56 20 38 89 6 52 86 91 1 36 
Tiempo Pasado (ms): 8101.05
---------------------------------------------------------------
Solución AGG con cruce por posicion con coste 167498 y fitness = 0.101946

Tamaño del vector: 100
28 73 47 35 79 51 4 66 59 77 96 75 6 94 26 13 42 43 81 80 3 21 53 69 46 37 12 40 32 57 54 89 10 22 85 33 84 99 63 76 92 14 60 30 24 83 41 29 86 67 56 0 90 27 16 18 74 93 58 5 19 55 70 68 45 1 88 78 65 98 34 23 11 25 44 50 49 95 7 72 15 38 9 82 97 91 62 71 36 20 52 87 31 8 64 61 48 17 2 39 
Tiempo Pasado (ms): 8692.84
---------------------------------------------------------------
---------------------------------------------------------------
Resultados del archivo ./Instancias_QAP/sko100f.dat

Solución AGG con cruce por posicion con coste 168846 y fitness = 0.132921

Tamaño del vector: 100
97 44 58 59 9 18 90 7 36 22 5 45 25 57 83 38 26 20 14 27 23 46 10 42 12 0 78 43 99 28 71 32 6 3 24 50 77 20 55 61 73 80 69 66 2 48 31 94 96 11 39 89 30 17 1 87 29 19 93 64 51 47 49 13 82 65 92 75 5 84 15 52 40 53 79 34 86 76 95 8 35 72 74 21 33 70 91 85 56 62 88 54 4 16 41 60 63 98 81 67 
Tiempo Pasado (ms): 8082.02
---------------------------------------------------------------
Solución AGG con cruce por posicion con coste 165366 y fitness = 0.109571

Tamaño del vector: 100
42 79 0 21 26 23 1 78 60 4 56 12 57 40 68 55 99 17 86 71 43 33 13 65 47 34 52 7 51 18 28 98 97 41 82 89 93 35 59 64 46 90 6 24 83 48 14 76 94 72 62 8 5 74 69 63 85 70 75 88 67 50 77 45 22 10 73 19 9 81 29 37 58 54 39 91 3 15 2 30 80 84 25 16 87 96 32 44 61 20 11 95 53 49 36 38 92 27 66 31 
Tiempo Pasado (ms): 8572.58
---------------------------------------------------------------
---------------------------------------------------------------
Resultados del archivo ./Instancias_QAP/tai100a.dat

Solución AGG con cruce por posicion con coste 23250746 y fitness = 0.104419

Tamaño del vector: 100
32 78 64 13 7 5 95 80 10 45 58 61 79 33 74 69 40 15 51 28 65 62 76 34 48 84 55 90 19 26 74 52 37 94 21 46 16 24 91 65 87 49 99 82 29 53 96 42 43 71 42 84 59 3 59 27 86 25 6 52 60 52 8 2 31 9 85 73 81 88 38 50 4 30 87 68 89 35 44 93 56 70 84 92 74 67 75 25 1 63 57 54 83 22 36 97 15 72 14 11 
Tiempo Pasado (ms): 8084.68
---------------------------------------------------------------
Solución AGG con cruce por posicion con coste 23140976 y fitness = 0.099205

Tamaño del vector: 100
0 97 35 99 46 39 33 66 20 12 32 72 63 6 84 79 48 89 16 42 76 87 4 53 95 74 59 9 65 77 60 70 69 3 11 36 81 17 62 68 58 25 85 19 31 38 88 86 14 18 92 10 47 93 57 28 67 7 83 15 27 37 13 61 45 24 43 22 30 40 75 98 94 8 51 5 21 55 82 96 64 50 26 44 34 91 73 78 2 29 71 23 54 1 90 49 56 41 80 52 
Tiempo Pasado (ms): 8634.58
---------------------------------------------------------------
---------------------------------------------------------------
Resultados del archivo ./Instancias_QAP/tai100b.dat

Solución AGG con cruce por posicion con coste 1584961067 y fitness = 0.336396

Tamaño del vector: 100
65 30 0 91 64 85 81 28 25 88 44 93 13 63 76 11 56 1 66 23 5 53 24 35 21 57 52 45 29 26 47 71 34 82 8 58 59 61 96 7 6 77 87 68 37 12 60 83 75 50 69 20 40 55 51 48 9 73 72 84 17 49 44 46 70 10 94 51 22 14 41 95 74 33 78 38 3 86 36 19 43 16 15 39 90 18 97 98 54 27 32 92 99 2 42 4 89 80 79 31 
Tiempo Pasado (ms): 8090.45
---------------------------------------------------------------
Solución AGG con cruce por posicion con coste 1484958461 y fitness = 0.252077

Tamaño del vector: 100
13 70 86 59 33 32 83 1 71 12 65 31 35 62 93 60 53 42 29 2 43 58 98 5 34 40 14 69 80 88 81 4 24 39 76 92 55 18 21 56 96 20 87 44 6 54 79 72 48 27 91 66 67 19 51 8 37 52 63 38 28 3 30 73 75 89 25 16 26 36 68 97 22 49 11 46 74 90 0 77 95 61 57 94 10 7 9 23 99 15 47 17 64 85 84 78 50 45 82 41 
Tiempo Pasado (ms): 8592.73
---------------------------------------------------------------
---------------------------------------------------------------
Resultados del archivo ./Instancias_QAP/tai150b.dat

Solución AGG con cruce por posicion con coste 619889783 y fitness = 0.242521

Tamaño del vector: 150
51 34 105 132 40 120 110 148 128 63 116 111 30 133 22 60 93 119 68 149 16 102 27 61 130 79 144 134 117 123 142 3 97 10 103 5 0 7 92 82 57 129 104 143 122 107 59 106 36 62 66 14 26 99 139 124 4 98 35 65 146 25 95 126 28 24 56 145 136 75 9 73 52 76 74 141 70 125 80 94 83 140 1 88 89 112 81 58 44 6 87 20 131 45 33 11 19 133 91 17 126 29 21 8 114 55 121 77 48 65 90 96 71 72 147 47 39 64 41 3 108 135 53 12 137 42 67 15 115 78 2 18 54 84 138 43 101 49 118 86 113 50 69 38 37 23 85 59 32 127 
Tiempo Pasado (ms): 17823.9
---------------------------------------------------------------
Solución AGG con cruce por posicion con coste 599420941 y fitness = 0.201493

Tamaño del vector: 150
140 34 110 15 19 65 130 143 2 53 126 38 20 142 139 64 28 23 118 117 27 37 149 62 136 137 5 125 94 122 4 88 132 106 72 14 61 9 83 10 49 51 121 86 67 80 44 111 13 0 11 60 133 31 85 59 56 26 8 91 45 6 97 50 68 90 138 29 128 113 47 52 148 119 92 73 96 141 101 76 39 116 98 32 102 89 95 70 108 146 103 30 84 123 63 74 43 115 99 127 24 33 81 87 112 36 35 114 46 40 16 147 22 77 93 71 135 12 69 7 48 25 17 79 104 131 124 134 144 1 18 66 100 145 78 54 129 75 21 42 58 82 41 3 109 57 120 107 55 105 
Tiempo Pasado (ms): 18556.4
---------------------------------------------------------------
---------------------------------------------------------------
Resultados del archivo ./Instancias_QAP/tai256c.dat

Solución AGG con cruce por posicion con coste 49259466 y fitness = 0.100542

Tamaño del vector: 256
100 152 218 52 57 68 30 144 185 60 183 34 232 240 192 200 154 142 115 242 212 5 118 16 215 230 195 54 246 205 22 245 213 99 178 163 20 162 150 86 110 220 47 97 132 88 77 129 193 55 62 216 42 74 135 51 139 251 49 109 250 41 238 236 143 203 79 76 106 81 101 198 28 190 91 104 172 182 15 123 130 133 136 222 156 209 50 225 254 111 209 1 120 175 158 21 24 187 235 233 127 210 148 151 73 124 121 224 211 69 45 59 10 228 241 165 227 96 90 167 58 37 180 243 169 248 179 13 226 4 25 219 204 207 8 189 196 149 160 184 0 117 249 14 108 128 126 147 153 125 95 131 63 65 43 44 188 80 122 244 84 247 9 176 168 66 36 19 217 61 53 166 93 214 75 253 186 173 92 155 252 2 221 70 89 18 174 201 48 171 138 46 145 40 157 208 202 33 56 164 107 12 229 39 223 141 94 237 177 255 7 134 11 82 72 114 35 206 29 119 38 197 32 98 103 194 67 140 83 116 170 113 23 78 231 102 161 71 27 26 112 137 159 146 105 6 31 3 17 234 64 239 191 87 181 199 
Tiempo Pasado (ms): 50276.9
---------------------------------------------------------------
Solución AGG con cruce por posicion con coste 47872972 y fitness = 0.0695649

Tamaño del vector: 256
160 57 58 62 205 197 243 179 202 241 40 165 80 166 44 90 254 207 132 130 52 4 67 54 143 85 252 51 244 177 171 225 188 144 206 152 110 120 239 250 226 122 162 119 7 248 195 220 168 237 246 105 113 216 100 93 149 99 112 137 30 39 140 117 173 20 12 27 26 147 66 53 174 138 18 81 200 22 33 48 77 0 71 234 91 47 109 87 229 215 170 158 247 61 172 73 31 1 25 182 83 35 115 82 210 70 233 103 134 223 255 8 180 212 219 175 185 14 68 189 221 192 50 156 13 218 49 11 142 208 187 159 118 129 213 116 64 28 198 21 101 217 55 84 86 88 157 124 242 169 133 163 155 245 41 79 76 127 209 214 176 131 204 230 60 94 65 15 19 23 148 126 74 45 181 231 128 161 34 92 111 72 151 154 10 235 107 78 211 106 24 43 228 167 108 224 3 29 104 102 69 42 46 2 183 153 232 227 9 194 238 89 59 6 75 114 146 97 37 190 150 5 145 178 36 199 251 184 56 193 141 139 186 32 164 196 253 201 96 222 17 121 16 249 95 125 123 240 98 63 191 136 135 38 236 203 
Tiempo Pasado (ms): 51762.8
---------------------------------------------------------------
---------------------------------------------------------------
Resultados del archivo ./Instancias_QAP/tho40.dat

Solución AGG con cruce por posicion con coste 283686 y fitness = 0.179489

Tamaño del vector: 40
18 17 25 18 15 6 3 4 35 38 2 33 21 5 32 27 26 7 12 14 9 22 36 34 30 11 23 28 1 24 19 17 37 8 20 16 39 13 29 10 
Tiempo Pasado (ms): 1523.39
---------------------------------------------------------------
Solución AGG con cruce por posicion con coste 273816 y fitness = 0.138452

Tamaño del vector: 40
4 12 6 19 31 36 34 24 2 26 38 17 21 5 28 10 37 7 0 29 15 32 11 3 23 25 30 22 14 9 35 8 20 33 18 27 1 13 39 16 
Tiempo Pasado (ms): 1718.77
---------------------------------------------------------------
---------------------------------------------------------------
Resultados del archivo ./Instancias_QAP/tho150.dat

Solución AGG con cruce por posicion con coste 9511670 y fitness = 0.169458

Tamaño del vector: 150
59 105 111 107 129 97 112 43 4 3 143 28 140 81 26 128 24 108 52 118 80 119 131 99 92 54 95 15 76 138 73 63 20 34 35 106 14 125 70 127 21 145 144 141 79 132 72 5 7 146 36 46 113 121 60 37 10 31 39 94 16 84 53 137 117 135 87 85 32 110 57 9 62 77 129 69 90 18 11 40 42 83 71 29 45 100 48 47 85 111 22 6 104 55 136 38 101 123 64 109 78 91 82 61 142 147 126 148 120 115 51 23 41 65 122 13 8 56 139 0 12 124 44 68 89 27 19 66 133 86 127 58 17 103 102 114 134 116 25 75 33 88 30 93 50 96 1 49 98 63 
Tiempo Pasado (ms): 17753.4
---------------------------------------------------------------
Solución AGG con cruce por posicion con coste 9272750 y fitness = 0.140083

Tamaño del vector: 150
72 14 92 66 34 40 119 144 108 98 38 70 75 54 101 32 106 2 37 13 95 139 19 29 50 141 85 134 76 146 12 52 148 109 127 48 105 138 115 137 90 82 47 60 97 56 79 27 121 88 68 42 132 83 128 89 62 8 5 100 78 73 45 44 43 140 116 39 15 65 86 124 77 26 17 74 41 103 117 30 129 84 130 51 110 64 4 49 143 21 55 53 3 91 59 112 22 9 20 126 147 18 67 25 35 33 24 96 133 131 11 36 46 99 93 71 7 28 125 149 104 135 69 61 142 120 57 107 145 87 31 58 122 10 102 1 136 63 111 118 0 16 80 114 113 6 23 123 81 94 
Tiempo Pasado (ms): 18437.4
---------------------------------------------------------------
---------------------------------------------------------------
Resultados del archivo ./Instancias_QAP/wil50.dat

Solución AGG con cruce por posicion con coste 52148 y fitness = 0.0682563

Tamaño del vector: 50
15 46 4 0 30 39 7 28 24 49 29 43 22 17 35 20 9 42 1 14 38 18 34 21 27 6 11 33 12 19 32 25 5 48 2 41 37 45 23 25 45 47 36 44 3 13 10 26 8 16 
Tiempo Pasado (ms): 2238.31
---------------------------------------------------------------
Solución AGG con cruce por posicion con coste 51618 y fitness = 0.0573992

Tamaño del vector: 50
24 25 47 22 18 42 33 4 26 6 19 31 30 27 28 14 17 46 32 15 34 39 11 5 43 41 10 13 23 49 45 1 9 29 48 35 20 38 2 12 21 40 8 0 44 16 37 36 3 7 
Tiempo Pasado (ms): 2495.85
---------------------------------------------------------------
---------------------------------------------------------------
Resultados del archivo ./Instancias_QAP/wil100.dat

Solución AGG con cruce por posicion con coste 292872 y fitness = 0.0726419

Tamaño del vector: 100
29 47 1 44 60 3 9 75 59 33 77 39 20 84 45 98 12 57 84 13 11 99 86 43 54 50 88 53 82 51 34 92 83 36 76 79 61 41 34 70 32 93 23 80 42 0 16 15 66 91 74 35 55 97 85 73 67 68 17 96 28 4 21 8 94 89 7 25 10 71 19 87 95 37 26 49 90 46 58 48 81 14 56 2 78 38 24 65 31 69 72 32 27 5 52 6 62 22 64 63 
Tiempo Pasado (ms): 8180.9
---------------------------------------------------------------
Solución AGG con cruce por posicion con coste 288242 y fitness = 0.0556846

Tamaño del vector: 100
93 75 72 20 65 27 10 47 81 66 54 79 78 86 58 46 34 80 97 56 88 57 60 74 43 16 44 24 49 32 73 61 71 21 51 35 90 59 42 95 31 6 85 7 11 18 0 1 12 70 36 28 48 39 63 98 84 13 87 26 22 4 64 82 83 99 69 94 55 38 68 25 8 19 50 40 2 89 14 53 23 67 76 37 5 17 45 30 62 3 9 41 91 92 29 52 96 33 77 15 
Tiempo Pasado (ms): 8588.3
---------------------------------------------------------------
